[debug] [2020-02-27T15:35:03.781Z] ----------------------------------------------------------------------
[debug] [2020-02-27T15:35:03.782Z] Command:       C:\Program Files\nodejs\node.exe C:\Users\rajab\AppData\Roaming\npm\node_modules\firebase-tools\lib\bin\firebase.js deploy --only hosting:bdaypp
[debug] [2020-02-27T15:35:03.783Z] CLI Version:   7.13.1
[debug] [2020-02-27T15:35:03.783Z] Platform:      win32
[debug] [2020-02-27T15:35:03.783Z] Node Version:  v12.14.0
[debug] [2020-02-27T15:35:03.784Z] Time:          Thu Feb 27 2020 21:05:03 GMT+0530 (India Standard Time)
[debug] [2020-02-27T15:35:03.784Z] ----------------------------------------------------------------------
[debug] [2020-02-27T15:35:03.784Z] 
[debug] [2020-02-27T15:35:03.795Z] > command requires scopes: ["email","openid","https://www.googleapis.com/auth/cloudplatformprojects.readonly","https://www.googleapis.com/auth/firebase","https://www.googleapis.com/auth/cloud-platform"]
[debug] [2020-02-27T15:35:03.796Z] > authorizing via signed-in user
[debug] [2020-02-27T15:35:03.796Z] [iam] checking project digiweb for permissions ["firebase.projects.get","firebasehosting.sites.update"]
[debug] [2020-02-27T15:35:03.798Z] > refreshing access token with scopes: ["email","https://www.googleapis.com/auth/cloud-platform","https://www.googleapis.com/auth/cloudplatformprojects.readonly","https://www.googleapis.com/auth/firebase","openid"]
[debug] [2020-02-27T15:35:03.798Z] >>> HTTP REQUEST POST https://www.googleapis.com/oauth2/v3/token  
 <request body omitted>
[debug] [2020-02-27T15:35:04.384Z] <<< HTTP RESPONSE 200
[debug] [2020-02-27T15:35:04.403Z] >>> HTTP REQUEST POST https://cloudresourcemanager.googleapis.com/v1/projects/digiweb:testIamPermissions  

[debug] [2020-02-27T15:35:06.164Z] <<< HTTP RESPONSE 200
[debug] [2020-02-27T15:35:06.167Z] >>> HTTP REQUEST GET https://firebase.googleapis.com/v1beta1/projects/digiweb  
 
[debug] [2020-02-27T15:35:06.968Z] <<< HTTP RESPONSE 200
[info] 
[info] === Deploying to 'digiweb'...
[info] 
[info] i  deploying hosting
[debug] [2020-02-27T15:35:06.982Z] >>> HTTP REQUEST POST https://firebasehosting.googleapis.com/v1beta1/sites/bdaypp/versions  

[debug] [2020-02-27T15:35:09.846Z] <<< HTTP RESPONSE 200
[info] i  hosting[bdaypp]: beginning deploy...
[info] i  hosting[bdaypp]: found 239 files in public
[debug] [2020-02-27T15:35:13.537Z] [hosting] hash cache [cHVibGlj] stored for 239 files
[debug] [2020-02-27T15:35:13.539Z] [hosting][hash queue][FINAL]
[debug] [2020-02-27T15:35:13.540Z] >>> HTTP REQUEST POST https://firebasehosting.googleapis.com/v1beta1/sites/bdaypp/versions/9fb725b26183d0f8:populateFiles  
 <request body omitted>
[debug] [2020-02-27T15:35:16.630Z] <<< HTTP RESPONSE 200
[debug] [2020-02-27T15:35:16.720Z] [hosting][populate queue][FINAL]
[debug] [2020-02-27T15:35:16.720Z] [hosting] uploads queued: 228
[debug] [2020-02-27T15:35:19.236Z] [hosting][upload]
[debug] [2020-02-27T15:35:29.896Z] [uploadQueue] Retrying task 065b57dcd164e435865d85bc2f1d034dc664278a4f43958a37ca1910c0c1cc84
[debug] [2020-02-27T15:35:30.059Z] [uploadQueue] Retrying task 8d30e8db0122f2e26adbbe70681006ec2e958f57b02f87d9da5b7efa60890077
[debug] [2020-02-27T15:35:30.159Z] [uploadQueue] Retrying task 5c78a3ab12df7dd80c975dc275bb149759e67104f8d6a968495323cd1e41436f
[debug] [2020-02-27T15:35:30.267Z] [uploadQueue] Retrying task 7fd08db0f600d1d4240cc08dd0dc7dc888fdb186c5cd737662d4347c8db70c4d
[debug] [2020-02-27T15:35:30.423Z] [uploadQueue] Retrying task db0d29122cc6e705f3021efa355507ef50bf80c69d4ed95add4607fd9f0f3724
[debug] [2020-02-27T15:35:30.728Z] [uploadQueue] Retrying task 587a29d26f0e999228c06e1a650a98c2ee8eda8a96a5e8e99a3c41bb7f24c86c
[debug] [2020-02-27T15:35:30.779Z] [uploadQueue] Retrying task dd0ae20e8f63d4204fc4ce904101f2c95d5b9d662bd2731660018ac81a39775f
[debug] [2020-02-27T15:35:30.878Z] [uploadQueue] Retrying task a3239b6850a7e6ab8a06c585c0b4fa64970ad8ee99fc9bb499fb2984f1049e95
[debug] [2020-02-27T15:35:30.978Z] [uploadQueue] Retrying task c26b5b9aaf93dd807a5f92da7ebacfb2b00fb24aec0068a6ba1b89298450519b
[debug] [2020-02-27T15:35:31.084Z] [uploadQueue] Retrying task 8c9fff48e3ce7dc390324d08493a92ff2ca642a337f45142921f8366f84a718f
[debug] [2020-02-27T15:35:31.131Z] [uploadQueue] Retrying task 3e40778931a732a20ba4cd48da062d6a5caeedaa14895d35b72020c1771fa221
[debug] [2020-02-27T15:35:31.468Z] [uploadQueue] Retrying task 2bf7aa28c2a3d88dbaefad0ea640368651011f39b4dd6d567a0b0a341959b344
[debug] [2020-02-27T15:35:31.469Z] [uploadQueue] Retrying task 6e4de990980dab4970b5e1bfdf49dcbf67797184804e9e9f05f1e42d5738ca34
[debug] [2020-02-27T15:35:31.579Z] [uploadQueue] Retrying task 212a509e03f6e033fa36748cf9927f71f3e70db1d615a4a59699af26df5fb3bb
[debug] [2020-02-27T15:35:31.704Z] [uploadQueue] Retrying task 2e32a549de20b3cc7a108fda416a5256883cbf9ca993d893348875149eadd9dc
[debug] [2020-02-27T15:35:31.792Z] [uploadQueue] Retrying task f6bf423064bddf80596c1c3d3d9a2fbb55e2ec4fdcc1bc3080b43b57122b145b
[debug] [2020-02-27T15:35:32.078Z] [uploadQueue] Retrying task 332e89ea3abc4a516c76d90fdc83ed4310181cd93a8034b633c6cfa2b4c122cb
[debug] [2020-02-27T15:35:32.219Z] [uploadQueue] Retrying task 4d276c4dc38293dcc886fbd56f32c6a4766140fa7a194c3d2e0ab0e52992b494
[debug] [2020-02-27T15:35:32.354Z] [uploadQueue] Retrying task a1145d42b0700a51d4a2ca1b389428a66b56902a20b3bffa6451cfff171ddb9d
[debug] [2020-02-27T15:35:32.393Z] [uploadQueue] Retrying task 5443ef5ed509c67aa0e8d6b4eb18a3ee1776b4f4e32436463a9f5f2e02071328
[debug] [2020-02-27T15:35:32.920Z] [uploadQueue] Retrying task 5e79e4cac31e63afc99a76d477895b1ae6855ad2edbd981387ad724024bef5c2
[debug] [2020-02-27T15:35:33.194Z] [uploadQueue] Retrying task 308568c7923993ed515f2136b37ee1afb7e5f40a089f7186e463340a39600370
[debug] [2020-02-27T15:35:33.315Z] [uploadQueue] Retrying task 3dbc0b5c792ae8e9732eb600ec4d5e2848f68a732b5c1820e0f43a6a81ed365d
[debug] [2020-02-27T15:35:33.341Z] [uploadQueue] Retrying task fbf706f371c87d71546e046f7d29121ac0c82140dda22ba2bc4f6e28aa2423c3
[debug] [2020-02-27T15:35:33.548Z] [uploadQueue] Retrying task 46a3f13b18ef87ae14819ddde6365a7034b913633e8630f3a245a10ce44dc5e8
[debug] [2020-02-27T15:35:33.875Z] [uploadQueue] Retrying task 3dfba0e00958fc1ffc0b44f929c13810f010f08730bf9327d96cf8f736ca9866
[debug] [2020-02-27T15:35:33.889Z] [uploadQueue] Retrying task 78938b31e261a9161f0a038657da1ffbdb6449c455fc9ecca0a9801d5674ef2d
[debug] [2020-02-27T15:35:34.484Z] [uploadQueue] Retrying task cc2c6e52de6911ce53d85cb66046b55fd23b62d645c23b242855993b825bcd24
[debug] [2020-02-27T15:35:40.920Z] [uploadQueue] Retrying task 065b57dcd164e435865d85bc2f1d034dc664278a4f43958a37ca1910c0c1cc84
[debug] [2020-02-27T15:35:41.096Z] [uploadQueue] Retrying task 8d30e8db0122f2e26adbbe70681006ec2e958f57b02f87d9da5b7efa60890077
[debug] [2020-02-27T15:35:41.229Z] [uploadQueue] Retrying task 5c78a3ab12df7dd80c975dc275bb149759e67104f8d6a968495323cd1e41436f
[debug] [2020-02-27T15:35:41.287Z] [uploadQueue] Retrying task 7fd08db0f600d1d4240cc08dd0dc7dc888fdb186c5cd737662d4347c8db70c4d
[debug] [2020-02-27T15:35:41.467Z] [uploadQueue] Retrying task db0d29122cc6e705f3021efa355507ef50bf80c69d4ed95add4607fd9f0f3724
[debug] [2020-02-27T15:35:41.766Z] [uploadQueue] Retrying task 587a29d26f0e999228c06e1a650a98c2ee8eda8a96a5e8e99a3c41bb7f24c86c
[debug] [2020-02-27T15:35:41.797Z] [uploadQueue] Retrying task dd0ae20e8f63d4204fc4ce904101f2c95d5b9d662bd2731660018ac81a39775f
[debug] [2020-02-27T15:35:41.963Z] [uploadQueue] Retrying task a3239b6850a7e6ab8a06c585c0b4fa64970ad8ee99fc9bb499fb2984f1049e95
[debug] [2020-02-27T15:35:41.990Z] [uploadQueue] Retrying task c26b5b9aaf93dd807a5f92da7ebacfb2b00fb24aec0068a6ba1b89298450519b
[debug] [2020-02-27T15:35:42.107Z] [uploadQueue] Retrying task 8c9fff48e3ce7dc390324d08493a92ff2ca642a337f45142921f8366f84a718f
[debug] [2020-02-27T15:35:42.148Z] [uploadQueue] Retrying task 3e40778931a732a20ba4cd48da062d6a5caeedaa14895d35b72020c1771fa221
[debug] [2020-02-27T15:35:42.491Z] [uploadQueue] Retrying task 6e4de990980dab4970b5e1bfdf49dcbf67797184804e9e9f05f1e42d5738ca34
[debug] [2020-02-27T15:35:42.509Z] [uploadQueue] Retrying task 2bf7aa28c2a3d88dbaefad0ea640368651011f39b4dd6d567a0b0a341959b344
[debug] [2020-02-27T15:35:42.601Z] [uploadQueue] Retrying task 212a509e03f6e033fa36748cf9927f71f3e70db1d615a4a59699af26df5fb3bb
[debug] [2020-02-27T15:35:42.750Z] [uploadQueue] Retrying task 2e32a549de20b3cc7a108fda416a5256883cbf9ca993d893348875149eadd9dc
[debug] [2020-02-27T15:35:42.810Z] [uploadQueue] Retrying task f6bf423064bddf80596c1c3d3d9a2fbb55e2ec4fdcc1bc3080b43b57122b145b
[debug] [2020-02-27T15:35:43.138Z] [uploadQueue] Retrying task 332e89ea3abc4a516c76d90fdc83ed4310181cd93a8034b633c6cfa2b4c122cb
[debug] [2020-02-27T15:35:43.250Z] [uploadQueue] Retrying task 4d276c4dc38293dcc886fbd56f32c6a4766140fa7a194c3d2e0ab0e52992b494
[debug] [2020-02-27T15:35:43.370Z] [uploadQueue] Retrying task a1145d42b0700a51d4a2ca1b389428a66b56902a20b3bffa6451cfff171ddb9d
[debug] [2020-02-27T15:35:43.397Z] [uploadQueue] Retrying task 5443ef5ed509c67aa0e8d6b4eb18a3ee1776b4f4e32436463a9f5f2e02071328
[debug] [2020-02-27T15:35:43.938Z] [uploadQueue] Retrying task 5e79e4cac31e63afc99a76d477895b1ae6855ad2edbd981387ad724024bef5c2
[debug] [2020-02-27T15:35:44.276Z] [uploadQueue] Retrying task 308568c7923993ed515f2136b37ee1afb7e5f40a089f7186e463340a39600370
[debug] [2020-02-27T15:35:44.353Z] [uploadQueue] Retrying task 3dbc0b5c792ae8e9732eb600ec4d5e2848f68a732b5c1820e0f43a6a81ed365d
[debug] [2020-02-27T15:35:44.375Z] [uploadQueue] Retrying task fbf706f371c87d71546e046f7d29121ac0c82140dda22ba2bc4f6e28aa2423c3
[debug] [2020-02-27T15:35:44.644Z] [uploadQueue] Retrying task 46a3f13b18ef87ae14819ddde6365a7034b913633e8630f3a245a10ce44dc5e8
[debug] [2020-02-27T15:35:44.907Z] [uploadQueue] Retrying task 3dfba0e00958fc1ffc0b44f929c13810f010f08730bf9327d96cf8f736ca9866
[debug] [2020-02-27T15:35:44.951Z] [uploadQueue] Retrying task 78938b31e261a9161f0a038657da1ffbdb6449c455fc9ecca0a9801d5674ef2d
[debug] [2020-02-27T15:35:45.543Z] [uploadQueue] Retrying task cc2c6e52de6911ce53d85cb66046b55fd23b62d645c23b242855993b825bcd24
